<?xml version="1.0" encoding="UTF-8"?>
<!-- Generated by org.testng.reporters.JUnitReportReporter -->
<testsuite hostname="DESKTOP-I24424I" failures="0" tests="1" name="NewTest" time="91.559" errors="0" timestamp="2022-10-12T12:30:17 IST" skipped="0">
  <testcase classname="NewTest" name="f" time="91.559"/>
  <system-out/>
</testsuite> <!-- NewTest -->
