<?xml version="1.0" encoding="UTF-8"?>
<!-- Generated by org.testng.reporters.JUnitReportReporter -->
<testsuite hostname="DESKTOP-I24424I" failures="0" tests="1" name="NewTest1" time="108.455" errors="0" timestamp="2022-10-12T12:38:41 IST" skipped="0">
  <testcase classname="NewTest1" name="f" time="108.455"/>
  <system-out/>
</testsuite> <!-- NewTest1 -->
